# JRE version: OpenJDK Runtime Environment (8.0_112-b06) (build 1.8.0_112-release-b06)
# Java VM: OpenJDK 64-Bit Server VM (25.112-b06 mixed mode linux-amd64 compressed oops)
Heap:
 PSYoungGen      total 164352K, used 11326K [0x00000000e0000000, 0x00000000eba00000, 0x0000000100000000)
  eden space 145920K, 0% used [0x00000000e0000000,0x00000000e0000000,0x00000000e8e80000)
  from space 18432K, 61% used [0x00000000e8e80000,0x00000000e998f8a8,0x00000000ea080000)
  to   space 14848K, 0% used [0x00000000ea080000,0x00000000ea080000,0x00000000eaf00000)
 ParOldGen       total 80384K, used 47817K [0x00000000a0000000, 0x00000000a4e80000, 0x00000000e0000000)
  object space 80384K, 59% used [0x00000000a0000000,0x00000000a2eb2670,0x00000000a4e80000)
 Metaspace       used 63740K, capacity 65696K, committed 65840K, reserved 1105920K
  class space    used 8248K, capacity 8669K, committed 8752K, reserved 1048576K
GC Heap History (10 events):
Event: 77,843 GC heap after
Heap after GC invocations=21 (full 3):
 PSYoungGen      total 125440K, used 0K [0x00000000e0000000, 0x00000000e8900000, 0x0000000100000000)
  eden space 112640K, 0% used [0x00000000e0000000,0x00000000e0000000,0x00000000e6e00000)
  from space 12800K, 0% used [0x00000000e7a80000,0x00000000e7a80000,0x00000000e8700000)
  to   space 12800K, 0% used [0x00000000e6e00000,0x00000000e6e00000,0x00000000e7a80000)
 ParOldGen       total 80384K, used 34213K [0x00000000a0000000, 0x00000000a4e80000, 0x00000000e0000000)
  object space 80384K, 42% used [0x00000000a0000000,0x00000000a2169658,0x00000000a4e80000)
 Metaspace       used 51227K, capacity 52790K, committed 53040K, reserved 1095680K
  class space    used 6880K, capacity 7206K, committed 7216K, reserved 1048576K
}
Event: 98,859 GC heap before
{Heap before GC invocations=22 (full 3):
 PSYoungGen      total 125440K, used 112640K [0x00000000e0000000, 0x00000000e8900000, 0x0000000100000000)
  eden space 112640K, 100% used [0x00000000e0000000,0x00000000e6e00000,0x00000000e6e00000)
  from space 12800K, 0% used [0x00000000e7a80000,0x00000000e7a80000,0x00000000e8700000)
  to   space 12800K, 0% used [0x00000000e6e00000,0x00000000e6e00000,0x00000000e7a80000)
 ParOldGen       total 80384K, used 34213K [0x00000000a0000000, 0x00000000a4e80000, 0x00000000e0000000)
  object space 80384K, 42% used [0x00000000a0000000,0x00000000a2169658,0x00000000a4e80000)
 Metaspace       used 55879K, capacity 57592K, committed 57776K, reserved 1099776K
  class space    used 7473K, capacity 7813K, committed 7856K, reserved 1048576K
Event: 98,940 GC heap after
Heap after GC invocations=22 (full 3):
 PSYoungGen      total 125440K, used 12782K [0x00000000e0000000, 0x00000000e9c80000, 0x0000000100000000)
  eden space 112640K, 0% used [0x00000000e0000000,0x00000000e0000000,0x00000000e6e00000)
  from space 12800K, 99% used [0x00000000e6e00000,0x00000000e7a7ba60,0x00000000e7a80000)
  to   space 14848K, 0% used [0x00000000e8e00000,0x00000000e8e00000,0x00000000e9c80000)
 ParOldGen       total 80384K, used 34349K [0x00000000a0000000, 0x00000000a4e80000, 0x00000000e0000000)
  object space 80384K, 42% used [0x00000000a0000000,0x00000000a218b658,0x00000000a4e80000)
 Metaspace       used 55879K, capacity 57592K, committed 57776K, reserved 1099776K
  class space    used 7473K, capacity 7813K, committed 7856K, reserved 1048576K
}
Event: 107,828 GC heap before
{Heap before GC invocations=23 (full 3):
 PSYoungGen      total 125440K, used 125422K [0x00000000e0000000, 0x00000000e9c80000, 0x0000000100000000)
  eden space 112640K, 100% used [0x00000000e0000000,0x00000000e6e00000,0x00000000e6e00000)
  from space 12800K, 99% used [0x00000000e6e00000,0x00000000e7a7ba60,0x00000000e7a80000)
  to   space 14848K, 0% used [0x00000000e8e00000,0x00000000e8e00000,0x00000000e9c80000)
 ParOldGen       total 80384K, used 34349K [0x00000000a0000000, 0x00000000a4e80000, 0x00000000e0000000)
  object space 80384K, 42% used [0x00000000a0000000,0x00000000a218b658,0x00000000a4e80000)
 Metaspace       used 58069K, capacity 59810K, committed 60080K, reserved 1101824K
  class space    used 7652K, capacity 8052K, committed 8112K, reserved 1048576K
Event: 107,992 GC heap after
Heap after GC invocations=23 (full 3):
 PSYoungGen      total 143360K, used 3757K [0x00000000e0000000, 0x00000000e9b00000, 0x0000000100000000)
  eden space 130048K, 0% used [0x00000000e0000000,0x00000000e0000000,0x00000000e7f00000)
  from space 13312K, 28% used [0x00000000e8e00000,0x00000000e91ab438,0x00000000e9b00000)
  to   space 14336K, 0% used [0x00000000e7f00000,0x00000000e7f00000,0x00000000e8d00000)
 ParOldGen       total 80384K, used 40190K [0x00000000a0000000, 0x00000000a4e80000, 0x00000000e0000000)
  object space 80384K, 49% used [0x00000000a0000000,0x00000000a273fbc0,0x00000000a4e80000)
 Metaspace       used 58069K, capacity 59810K, committed 60080K, reserved 1101824K
  class space    used 7652K, capacity 8052K, committed 8112K, reserved 1048576K
}
Event: 117,421 GC heap before
{Heap before GC invocations=24 (full 3):
 PSYoungGen      total 143360K, used 133805K [0x00000000e0000000, 0x00000000e9b00000, 0x0000000100000000)
  eden space 130048K, 100% used [0x00000000e0000000,0x00000000e7f00000,0x00000000e7f00000)
  from space 13312K, 28% used [0x00000000e8e00000,0x00000000e91ab438,0x00000000e9b00000)
  to   space 14336K, 0% used [0x00000000e7f00000,0x00000000e7f00000,0x00000000e8d00000)
 ParOldGen       total 80384K, used 40190K [0x00000000a0000000, 0x00000000a4e80000, 0x00000000e0000000)
  object space 80384K, 49% used [0x00000000a0000000,0x00000000a273fbc0,0x00000000a4e80000)
 Metaspace       used 61700K, capacity 63716K, committed 63792K, reserved 1103872K
  class space    used 8053K, capacity 8487K, committed 8496K, reserved 1048576K
Event: 117,497 GC heap after
Heap after GC invocations=24 (full 3):
 PSYoungGen      total 144384K, used 10230K [0x00000000e0000000, 0x00000000eaf00000, 0x0000000100000000)
  eden space 130048K, 0% used [0x00000000e0000000,0x00000000e0000000,0x00000000e7f00000)
  from space 14336K, 71% used [0x00000000e7f00000,0x00000000e88fdb08,0x00000000e8d00000)
  to   space 14848K, 0% used [0x00000000ea080000,0x00000000ea080000,0x00000000eaf00000)
 ParOldGen       total 80384K, used 40198K [0x00000000a0000000, 0x00000000a4e80000, 0x00000000e0000000)
  object space 80384K, 50% used [0x00000000a0000000,0x00000000a2741bc0,0x00000000a4e80000)
 Metaspace       used 61700K, capacity 63716K, committed 63792K, reserved 1103872K
  class space    used 8053K, capacity 8487K, committed 8496K, reserved 1048576K
}
Event: 125,063 GC heap before
{Heap before GC invocations=25 (full 3):
 PSYoungGen      total 144384K, used 140278K [0x00000000e0000000, 0x00000000eaf00000, 0x0000000100000000)
  eden space 130048K, 100% used [0x00000000e0000000,0x00000000e7f00000,0x00000000e7f00000)
  from space 14336K, 71% used [0x00000000e7f00000,0x00000000e88fdb08,0x00000000e8d00000)
  to   space 14848K, 0% used [0x00000000ea080000,0x00000000ea080000,0x00000000eaf00000)
 ParOldGen       total 80384K, used 40198K [0x00000000a0000000, 0x00000000a4e80000, 0x00000000e0000000)
  object space 80384K, 50% used [0x00000000a0000000,0x00000000a2741bc0,0x00000000a4e80000)
 Metaspace       used 62354K, capacity 64328K, committed 64688K, reserved 1105920K
  class space    used 8079K, capacity 8521K, committed 8624K, reserved 1048576K
Event: 125,252 GC heap after
Heap after GC invocations=25 (full 3):
 PSYoungGen      total 160768K, used 14845K [0x00000000e0000000, 0x00000000eba00000, 0x0000000100000000)
  eden space 145920K, 0% used [0x00000000e0000000,0x00000000e0000000,0x00000000e8e80000)
  from space 14848K, 99% used [0x00000000ea080000,0x00000000eaeff608,0x00000000eaf00000)
  to   space 18432K, 0% used [0x00000000e8e80000,0x00000000e8e80000,0x00000000ea080000)
 ParOldGen       total 80384K, used 42284K [0x00000000a0000000, 0x00000000a4e80000, 0x00000000e0000000)
  object space 80384K, 52% used [0x00000000a0000000,0x00000000a294b040,0x00000000a4e80000)
 Metaspace       used 62354K, capacity 64328K, committed 64688K, reserved 1105920K
  class space    used 8079K, capacity 8521K, committed 8624K, reserved 1048576K
}
Event: 344,487 GC heap before
{Heap before GC invocations=26 (full 3):
 PSYoungGen      total 160768K, used 159771K [0x00000000e0000000, 0x00000000eba00000, 0x0000000100000000)
  eden space 145920K, 99% used [0x00000000e0000000,0x00000000e8d878f8,0x00000000e8e80000)
  from space 14848K, 99% used [0x00000000ea080000,0x00000000eaeff608,0x00000000eaf00000)
  to   space 18432K, 0% used [0x00000000e8e80000,0x00000000e8e80000,0x00000000ea080000)
 ParOldGen       total 80384K, used 42284K [0x00000000a0000000, 0x00000000a4e80000, 0x00000000e0000000)
  object space 80384K, 52% used [0x00000000a0000000,0x00000000a294b040,0x00000000a4e80000)
 Metaspace       used 63740K, capacity 65696K, committed 65840K, reserved 1105920K
  class space    used 8248K, capacity 8669K, committed 8752K, reserved 1048576K

