# JRE version: OpenJDK Runtime Environment (8.0_112-b06) (build 1.8.0_112-release-b06)
# Java VM: OpenJDK 64-Bit Server VM (25.112-b06 mixed mode linux-amd64 compressed oops)
Heap:
 PSYoungGen      total 418304K, used 0K [0x00000000e0000000, 0x0000000100000000, 0x0000000100000000)
  eden space 312320K, 0% used [0x00000000e0000000,0x00000000e0000000,0x00000000f3100000)
  from space 105984K, 0% used [0x00000000f3100000,0x00000000f3100000,0x00000000f9880000)
  to   space 105984K, 0% used [0x00000000f9880000,0x00000000f9880000,0x0000000100000000)
 ParOldGen       total 307712K, used 267365K [0x00000000a0000000, 0x00000000b2c80000, 0x00000000e0000000)
  object space 307712K, 86% used [0x00000000a0000000,0x00000000b05194b8,0x00000000b2c80000)
 Metaspace       used 53931K, capacity 55496K, committed 55808K, reserved 1097728K
  class space    used 7057K, capacity 7399K, committed 7424K, reserved 1048576K
GC Heap History (10 events):
Event: 127,813 GC heap after
Heap after GC invocations=26 (full 4):
 PSYoungGen      total 318976K, used 50152K [0x00000000e0000000, 0x00000000fe180000, 0x0000000100000000)
  eden space 268800K, 0% used [0x00000000e0000000,0x00000000e0000000,0x00000000f0680000)
  from space 50176K, 99% used [0x00000000f5d00000,0x00000000f8dfa0e0,0x00000000f8e00000)
  to   space 88576K, 0% used [0x00000000f0680000,0x00000000f0680000,0x00000000f5d00000)
 ParOldGen       total 216064K, used 216014K [0x00000000a0000000, 0x00000000ad300000, 0x00000000e0000000)
  object space 216064K, 99% used [0x00000000a0000000,0x00000000ad2f39b0,0x00000000ad300000)
 Metaspace       used 53925K, capacity 55496K, committed 55808K, reserved 1097728K
  class space    used 7057K, capacity 7399K, committed 7424K, reserved 1048576K
}
Event: 127,813 GC heap before
{Heap before GC invocations=27 (full 5):
 PSYoungGen      total 318976K, used 50152K [0x00000000e0000000, 0x00000000fe180000, 0x0000000100000000)
  eden space 268800K, 0% used [0x00000000e0000000,0x00000000e0000000,0x00000000f0680000)
  from space 50176K, 99% used [0x00000000f5d00000,0x00000000f8dfa0e0,0x00000000f8e00000)
  to   space 88576K, 0% used [0x00000000f0680000,0x00000000f0680000,0x00000000f5d00000)
 ParOldGen       total 216064K, used 216014K [0x00000000a0000000, 0x00000000ad300000, 0x00000000e0000000)
  object space 216064K, 99% used [0x00000000a0000000,0x00000000ad2f39b0,0x00000000ad300000)
 Metaspace       used 53925K, capacity 55496K, committed 55808K, reserved 1097728K
  class space    used 7057K, capacity 7399K, committed 7424K, reserved 1048576K
Event: 129,727 GC heap after
Heap after GC invocations=27 (full 5):
 PSYoungGen      total 318976K, used 0K [0x00000000e0000000, 0x00000000fe180000, 0x0000000100000000)
  eden space 268800K, 0% used [0x00000000e0000000,0x00000000e0000000,0x00000000f0680000)
  from space 50176K, 0% used [0x00000000f5d00000,0x00000000f5d00000,0x00000000f8e00000)
  to   space 88576K, 0% used [0x00000000f0680000,0x00000000f0680000,0x00000000f5d00000)
 ParOldGen       total 307712K, used 200868K [0x00000000a0000000, 0x00000000b2c80000, 0x00000000e0000000)
  object space 307712K, 65% used [0x00000000a0000000,0x00000000ac4290b0,0x00000000b2c80000)
 Metaspace       used 53925K, capacity 55496K, committed 55808K, reserved 1097728K
  class space    used 7057K, capacity 7399K, committed 7424K, reserved 1048576K
}
Event: 131,892 GC heap before
{Heap before GC invocations=28 (full 5):
 PSYoungGen      total 318976K, used 268800K [0x00000000e0000000, 0x00000000fe180000, 0x0000000100000000)
  eden space 268800K, 100% used [0x00000000e0000000,0x00000000f0680000,0x00000000f0680000)
  from space 50176K, 0% used [0x00000000f5d00000,0x00000000f5d00000,0x00000000f8e00000)
  to   space 88576K, 0% used [0x00000000f0680000,0x00000000f0680000,0x00000000f5d00000)
 ParOldGen       total 307712K, used 200868K [0x00000000a0000000, 0x00000000b2c80000, 0x00000000e0000000)
  object space 307712K, 65% used [0x00000000a0000000,0x00000000ac4290b0,0x00000000b2c80000)
 Metaspace       used 53930K, capacity 55496K, committed 55808K, reserved 1097728K
  class space    used 7057K, capacity 7399K, committed 7424K, reserved 1048576K
Event: 132,243 GC heap after
Heap after GC invocations=28 (full 5):
 PSYoungGen      total 357376K, used 69952K [0x00000000e0000000, 0x0000000100000000, 0x0000000100000000)
  eden space 268800K, 0% used [0x00000000e0000000,0x00000000e0000000,0x00000000f0680000)
  from space 88576K, 78% used [0x00000000f0680000,0x00000000f4ad0398,0x00000000f5d00000)
  to   space 97280K, 0% used [0x00000000fa100000,0x00000000fa100000,0x0000000100000000)
 ParOldGen       total 307712K, used 200868K [0x00000000a0000000, 0x00000000b2c80000, 0x00000000e0000000)
  object space 307712K, 65% used [0x00000000a0000000,0x00000000ac4290b0,0x00000000b2c80000)
 Metaspace       used 53930K, capacity 55496K, committed 55808K, reserved 1097728K
  class space    used 7057K, capacity 7399K, committed 7424K, reserved 1048576K
}
Event: 142,464 GC heap before
{Heap before GC invocations=29 (full 5):
 PSYoungGen      total 357376K, used 338752K [0x00000000e0000000, 0x0000000100000000, 0x0000000100000000)
  eden space 268800K, 100% used [0x00000000e0000000,0x00000000f0680000,0x00000000f0680000)
  from space 88576K, 78% used [0x00000000f0680000,0x00000000f4ad0398,0x00000000f5d00000)
  to   space 97280K, 0% used [0x00000000fa100000,0x00000000fa100000,0x0000000100000000)
 ParOldGen       total 307712K, used 200868K [0x00000000a0000000, 0x00000000b2c80000, 0x00000000e0000000)
  object space 307712K, 65% used [0x00000000a0000000,0x00000000ac4290b0,0x00000000b2c80000)
 Metaspace       used 53931K, capacity 55496K, committed 55808K, reserved 1097728K
  class space    used 7057K, capacity 7399K, committed 7424K, reserved 1048576K
Event: 153,848 GC heap after
Heap after GC invocations=29 (full 5):
 PSYoungGen      total 409600K, used 75818K [0x00000000e0000000, 0x0000000100000000, 0x0000000100000000)
  eden space 312320K, 0% used [0x00000000e0000000,0x00000000e0000000,0x00000000f3100000)
  from space 97280K, 77% used [0x00000000fa100000,0x00000000feb0aa08,0x0000000100000000)
  to   space 105984K, 0% used [0x00000000f3100000,0x00000000f3100000,0x00000000f9880000)
 ParOldGen       total 307712K, used 231431K [0x00000000a0000000, 0x00000000b2c80000, 0x00000000e0000000)
  object space 307712K, 75% used [0x00000000a0000000,0x00000000ae201e38,0x00000000b2c80000)
 Metaspace       used 53931K, capacity 55496K, committed 55808K, reserved 1097728K
  class space    used 7057K, capacity 7399K, committed 7424K, reserved 1048576K
}
Event: 170,191 GC heap before
{Heap before GC invocations=30 (full 5):
 PSYoungGen      total 409600K, used 388138K [0x00000000e0000000, 0x0000000100000000, 0x0000000100000000)
  eden space 312320K, 100% used [0x00000000e0000000,0x00000000f3100000,0x00000000f3100000)
  from space 97280K, 77% used [0x00000000fa100000,0x00000000feb0aa08,0x0000000100000000)
  to   space 105984K, 0% used [0x00000000f3100000,0x00000000f3100000,0x00000000f9880000)
 ParOldGen       total 307712K, used 231431K [0x00000000a0000000, 0x00000000b2c80000, 0x00000000e0000000)
  object space 307712K, 75% used [0x00000000a0000000,0x00000000ae201e38,0x00000000b2c80000)
 Metaspace       used 53931K, capacity 55496K, committed 55808K, reserved 1097728K
  class space    used 7057K, capacity 7399K, committed 7424K, reserved 1048576K
Event: 175,839 GC heap after
Heap after GC invocations=30 (full 5):
 PSYoungGen      total 418304K, used 105955K [0x00000000e0000000, 0x0000000100000000, 0x0000000100000000)
  eden space 312320K, 0% used [0x00000000e0000000,0x00000000e0000000,0x00000000f3100000)
  from space 105984K, 99% used [0x00000000f3100000,0x00000000f9878eb8,0x00000000f9880000)
  to   space 105984K, 0% used [0x00000000f9880000,0x00000000f9880000,0x0000000100000000)
 ParOldGen       total 307712K, used 298841K [0x00000000a0000000, 0x00000000b2c80000, 0x00000000e0000000)
  object space 307712K, 97% used [0x00000000a0000000,0x00000000b23d65c0,0x00000000b2c80000)
 Metaspace       used 53931K, capacity 55496K, committed 55808K, reserved 1097728K
  class space    used 7057K, capacity 7399K, committed 7424K, reserved 1048576K
}
Event: 175,840 GC heap before
{Heap before GC invocations=31 (full 6):
 PSYoungGen      total 418304K, used 105955K [0x00000000e0000000, 0x0000000100000000, 0x0000000100000000)
  eden space 312320K, 0% used [0x00000000e0000000,0x00000000e0000000,0x00000000f3100000)
  from space 105984K, 99% used [0x00000000f3100000,0x00000000f9878eb8,0x00000000f9880000)
  to   space 105984K, 0% used [0x00000000f9880000,0x00000000f9880000,0x0000000100000000)
 ParOldGen       total 307712K, used 298841K [0x00000000a0000000, 0x00000000b2c80000, 0x00000000e0000000)
  object space 307712K, 97% used [0x00000000a0000000,0x00000000b23d65c0,0x00000000b2c80000)
 Metaspace       used 53931K, capacity 55496K, committed 55808K, reserved 1097728K
  class space    used 7057K, capacity 7399K, committed 7424K, reserved 1048576K

