# JRE version: OpenJDK Runtime Environment (8.0_112-b06) (build 1.8.0_112-release-b06)
# Java VM: OpenJDK 64-Bit Server VM (25.112-b06 mixed mode linux-amd64 compressed oops)
Heap:
 PSYoungGen      total 369664K, used 88048K [0x00000000e0000000, 0x00000000fbf00000, 0x0000000100000000)
  eden space 281600K, 0% used [0x00000000e0000000,0x00000000e0000000,0x00000000f1300000)
  from space 88064K, 99% used [0x00000000f1300000,0x00000000f68fc370,0x00000000f6900000)
  to   space 65536K, 0% used [0x00000000f7f00000,0x00000000f7f00000,0x00000000fbf00000)
 ParOldGen       total 278016K, used 224028K [0x00000000a0000000, 0x00000000b0f80000, 0x00000000e0000000)
  object space 278016K, 80% used [0x00000000a0000000,0x00000000adac7148,0x00000000b0f80000)
 Metaspace       used 59874K, capacity 62366K, committed 62464K, reserved 1103872K
  class space    used 7899K, capacity 8408K, committed 8448K, reserved 1048576K
GC Heap History (10 events):
Event: 234,846 GC heap after
Heap after GC invocations=35 (full 6):
 PSYoungGen      total 262656K, used 28423K [0x00000000e0000000, 0x00000000fa280000, 0x0000000100000000)
  eden space 218624K, 0% used [0x00000000e0000000,0x00000000e0000000,0x00000000ed580000)
  from space 44032K, 64% used [0x00000000ed580000,0x00000000ef141d98,0x00000000f0080000)
  to   space 81920K, 0% used [0x00000000f5280000,0x00000000f5280000,0x00000000fa280000)
 ParOldGen       total 294912K, used 194278K [0x00000000a0000000, 0x00000000b2000000, 0x00000000e0000000)
  object space 294912K, 65% used [0x00000000a0000000,0x00000000abdb9ad8,0x00000000b2000000)
 Metaspace       used 59836K, capacity 62366K, committed 62464K, reserved 1103872K
  class space    used 7899K, capacity 8408K, committed 8448K, reserved 1048576K
}
Event: 237,005 GC heap before
{Heap before GC invocations=36 (full 6):
 PSYoungGen      total 262656K, used 247047K [0x00000000e0000000, 0x00000000fa280000, 0x0000000100000000)
  eden space 218624K, 100% used [0x00000000e0000000,0x00000000ed580000,0x00000000ed580000)
  from space 44032K, 64% used [0x00000000ed580000,0x00000000ef141d98,0x00000000f0080000)
  to   space 81920K, 0% used [0x00000000f5280000,0x00000000f5280000,0x00000000fa280000)
 ParOldGen       total 294912K, used 194278K [0x00000000a0000000, 0x00000000b2000000, 0x00000000e0000000)
  object space 294912K, 65% used [0x00000000a0000000,0x00000000abdb9ad8,0x00000000b2000000)
 Metaspace       used 59837K, capacity 62366K, committed 62464K, reserved 1103872K
  class space    used 7899K, capacity 8408K, committed 8448K, reserved 1048576K
Event: 237,578 GC heap after
Heap after GC invocations=36 (full 6):
 PSYoungGen      total 336384K, used 69825K [0x00000000e0000000, 0x00000000fad00000, 0x0000000100000000)
  eden space 254464K, 0% used [0x00000000e0000000,0x00000000e0000000,0x00000000ef880000)
  from space 81920K, 85% used [0x00000000f5280000,0x00000000f96b0628,0x00000000fa280000)
  to   space 92160K, 0% used [0x00000000ef880000,0x00000000ef880000,0x00000000f5280000)
 ParOldGen       total 294912K, used 224230K [0x00000000a0000000, 0x00000000b2000000, 0x00000000e0000000)
  object space 294912K, 76% used [0x00000000a0000000,0x00000000adaf9b38,0x00000000b2000000)
 Metaspace       used 59837K, capacity 62366K, committed 62464K, reserved 1103872K
  class space    used 7899K, capacity 8408K, committed 8448K, reserved 1048576K
}
Event: 241,285 GC heap before
{Heap before GC invocations=37 (full 6):
 PSYoungGen      total 336384K, used 324289K [0x00000000e0000000, 0x00000000fad00000, 0x0000000100000000)
  eden space 254464K, 100% used [0x00000000e0000000,0x00000000ef880000,0x00000000ef880000)
  from space 81920K, 85% used [0x00000000f5280000,0x00000000f96b0628,0x00000000fa280000)
  to   space 92160K, 0% used [0x00000000ef880000,0x00000000ef880000,0x00000000f5280000)
 ParOldGen       total 294912K, used 224230K [0x00000000a0000000, 0x00000000b2000000, 0x00000000e0000000)
  object space 294912K, 76% used [0x00000000a0000000,0x00000000adaf9b38,0x00000000b2000000)
 Metaspace       used 59842K, capacity 62366K, committed 62464K, reserved 1103872K
  class space    used 7899K, capacity 8408K, committed 8448K, reserved 1048576K
Event: 241,777 GC heap after
Heap after GC invocations=37 (full 6):
 PSYoungGen      total 346624K, used 52102K [0x00000000e0000000, 0x00000000fda00000, 0x0000000100000000)
  eden space 254464K, 0% used [0x00000000e0000000,0x00000000e0000000,0x00000000ef880000)
  from space 92160K, 56% used [0x00000000ef880000,0x00000000f2b61ae8,0x00000000f5280000)
  to   space 93184K, 0% used [0x00000000f7f00000,0x00000000f7f00000,0x00000000fda00000)
 ParOldGen       total 294912K, used 249970K [0x00000000a0000000, 0x00000000b2000000, 0x00000000e0000000)
  object space 294912K, 84% used [0x00000000a0000000,0x00000000af41ca68,0x00000000b2000000)
 Metaspace       used 59842K, capacity 62366K, committed 62464K, reserved 1103872K
  class space    used 7899K, capacity 8408K, committed 8448K, reserved 1048576K
}
Event: 241,777 GC heap before
{Heap before GC invocations=38 (full 7):
 PSYoungGen      total 346624K, used 52102K [0x00000000e0000000, 0x00000000fda00000, 0x0000000100000000)
  eden space 254464K, 0% used [0x00000000e0000000,0x00000000e0000000,0x00000000ef880000)
  from space 92160K, 56% used [0x00000000ef880000,0x00000000f2b61ae8,0x00000000f5280000)
  to   space 93184K, 0% used [0x00000000f7f00000,0x00000000f7f00000,0x00000000fda00000)
 ParOldGen       total 294912K, used 249970K [0x00000000a0000000, 0x00000000b2000000, 0x00000000e0000000)
  object space 294912K, 84% used [0x00000000a0000000,0x00000000af41ca68,0x00000000b2000000)
 Metaspace       used 59842K, capacity 62366K, committed 62464K, reserved 1103872K
  class space    used 7899K, capacity 8408K, committed 8448K, reserved 1048576K
Event: 244,946 GC heap after
Heap after GC invocations=38 (full 7):
 PSYoungGen      total 346624K, used 0K [0x00000000e0000000, 0x00000000fda00000, 0x0000000100000000)
  eden space 254464K, 0% used [0x00000000e0000000,0x00000000e0000000,0x00000000ef880000)
  from space 92160K, 0% used [0x00000000ef880000,0x00000000ef880000,0x00000000f5280000)
  to   space 93184K, 0% used [0x00000000f7f00000,0x00000000f7f00000,0x00000000fda00000)
 ParOldGen       total 278016K, used 167044K [0x00000000a0000000, 0x00000000b0f80000, 0x00000000e0000000)
  object space 278016K, 60% used [0x00000000a0000000,0x00000000aa321310,0x00000000b0f80000)
 Metaspace       used 59842K, capacity 62366K, committed 62464K, reserved 1103872K
  class space    used 7899K, capacity 8408K, committed 8448K, reserved 1048576K
}
Event: 256,850 GC heap before
{Heap before GC invocations=39 (full 7):
 PSYoungGen      total 346624K, used 254464K [0x00000000e0000000, 0x00000000fda00000, 0x0000000100000000)
  eden space 254464K, 100% used [0x00000000e0000000,0x00000000ef880000,0x00000000ef880000)
  from space 92160K, 0% used [0x00000000ef880000,0x00000000ef880000,0x00000000f5280000)
  to   space 93184K, 0% used [0x00000000f7f00000,0x00000000f7f00000,0x00000000fda00000)
 ParOldGen       total 278016K, used 167044K [0x00000000a0000000, 0x00000000b0f80000, 0x00000000e0000000)
  object space 278016K, 60% used [0x00000000a0000000,0x00000000aa321310,0x00000000b0f80000)
 Metaspace       used 59870K, capacity 62366K, committed 62464K, reserved 1103872K
  class space    used 7899K, capacity 8408K, committed 8448K, reserved 1048576K
Event: 257,085 GC heap after
Heap after GC invocations=39 (full 7):
 PSYoungGen      total 347136K, used 31286K [0x00000000e0000000, 0x00000000fbf00000, 0x0000000100000000)
  eden space 281600K, 0% used [0x00000000e0000000,0x00000000e0000000,0x00000000f1300000)
  from space 65536K, 47% used [0x00000000f7f00000,0x00000000f9d8d998,0x00000000fbf00000)
  to   space 88064K, 0% used [0x00000000f1300000,0x00000000f1300000,0x00000000f6900000)
 ParOldGen       total 278016K, used 167052K [0x00000000a0000000, 0x00000000b0f80000, 0x00000000e0000000)
  object space 278016K, 60% used [0x00000000a0000000,0x00000000aa323310,0x00000000b0f80000)
 Metaspace       used 59870K, capacity 62366K, committed 62464K, reserved 1103872K
  class space    used 7899K, capacity 8408K, committed 8448K, reserved 1048576K
}
Event: 260,966 GC heap before
{Heap before GC invocations=40 (full 7):
 PSYoungGen      total 347136K, used 312886K [0x00000000e0000000, 0x00000000fbf00000, 0x0000000100000000)
  eden space 281600K, 100% used [0x00000000e0000000,0x00000000f1300000,0x00000000f1300000)
  from space 65536K, 47% used [0x00000000f7f00000,0x00000000f9d8d998,0x00000000fbf00000)
  to   space 88064K, 0% used [0x00000000f1300000,0x00000000f1300000,0x00000000f6900000)
 ParOldGen       total 278016K, used 167052K [0x00000000a0000000, 0x00000000b0f80000, 0x00000000e0000000)
  object space 278016K, 60% used [0x00000000a0000000,0x00000000aa323310,0x00000000b0f80000)
 Metaspace       used 59874K, capacity 62366K, committed 62464K, reserved 1103872K
  class space    used 7899K, capacity 8408K, committed 8448K, reserved 1048576K

