# JRE version: OpenJDK Runtime Environment (8.0_112-b06) (build 1.8.0_112-release-b06)
# Java VM: OpenJDK 64-Bit Server VM (25.112-b06 mixed mode linux-amd64 compressed oops)
Heap:
 PSYoungGen      total 355840K, used 0K [0x00000000e0000000, 0x0000000100000000, 0x0000000100000000)
  eden space 301056K, 0% used [0x00000000e0000000,0x00000000e0000000,0x00000000f2600000)
  from space 54784K, 0% used [0x00000000fca80000,0x00000000fca80000,0x0000000100000000)
  to   space 111616K, 0% used [0x00000000f2600000,0x00000000f2600000,0x00000000f9300000)
 ParOldGen       total 276992K, used 265327K [0x00000000a0000000, 0x00000000b0e80000, 0x00000000e0000000)
  object space 276992K, 95% used [0x00000000a0000000,0x00000000b031bfc8,0x00000000b0e80000)
 Metaspace       used 71516K, capacity 74566K, committed 74880K, reserved 1114112K
  class space    used 9150K, capacity 9736K, committed 9856K, reserved 1048576K
GC Heap History (10 events):
Event: 471,390 GC heap after
Heap after GC invocations=54 (full 6):
 PSYoungGen      total 440320K, used 40989K [0x00000000e0000000, 0x00000000fe980000, 0x0000000100000000)
  eden space 390144K, 0% used [0x00000000e0000000,0x00000000e0000000,0x00000000f7d00000)
  from space 50176K, 81% used [0x00000000fb100000,0x00000000fd9076f0,0x00000000fe200000)
  to   space 53248K, 0% used [0x00000000f7d00000,0x00000000f7d00000,0x00000000fb100000)
 ParOldGen       total 205824K, used 134860K [0x00000000a0000000, 0x00000000ac900000, 0x00000000e0000000)
  object space 205824K, 65% used [0x00000000a0000000,0x00000000a83b30f8,0x00000000ac900000)
 Metaspace       used 71475K, capacity 74502K, committed 74880K, reserved 1114112K
  class space    used 9149K, capacity 9736K, committed 9856K, reserved 1048576K
}
Event: 477,299 GC heap before
{Heap before GC invocations=55 (full 6):
 PSYoungGen      total 440320K, used 431133K [0x00000000e0000000, 0x00000000fe980000, 0x0000000100000000)
  eden space 390144K, 100% used [0x00000000e0000000,0x00000000f7d00000,0x00000000f7d00000)
  from space 50176K, 81% used [0x00000000fb100000,0x00000000fd9076f0,0x00000000fe200000)
  to   space 53248K, 0% used [0x00000000f7d00000,0x00000000f7d00000,0x00000000fb100000)
 ParOldGen       total 205824K, used 134860K [0x00000000a0000000, 0x00000000ac900000, 0x00000000e0000000)
  object space 205824K, 65% used [0x00000000a0000000,0x00000000a83b30f8,0x00000000ac900000)
 Metaspace       used 71491K, capacity 74502K, committed 74880K, reserved 1114112K
  class space    used 9149K, capacity 9736K, committed 9856K, reserved 1048576K
Event: 477,506 GC heap after
Heap after GC invocations=55 (full 6):
 PSYoungGen      total 443392K, used 30576K [0x00000000e0000000, 0x0000000100000000, 0x0000000100000000)
  eden space 390144K, 0% used [0x00000000e0000000,0x00000000e0000000,0x00000000f7d00000)
  from space 53248K, 57% used [0x00000000f7d00000,0x00000000f9adc3a0,0x00000000fb100000)
  to   space 51712K, 0% used [0x00000000fcd80000,0x00000000fcd80000,0x0000000100000000)
 ParOldGen       total 205824K, used 138772K [0x00000000a0000000, 0x00000000ac900000, 0x00000000e0000000)
  object space 205824K, 67% used [0x00000000a0000000,0x00000000a8785120,0x00000000ac900000)
 Metaspace       used 71491K, capacity 74502K, committed 74880K, reserved 1114112K
  class space    used 9149K, capacity 9736K, committed 9856K, reserved 1048576K
}
Event: 484,249 GC heap before
{Heap before GC invocations=56 (full 6):
 PSYoungGen      total 443392K, used 420720K [0x00000000e0000000, 0x0000000100000000, 0x0000000100000000)
  eden space 390144K, 100% used [0x00000000e0000000,0x00000000f7d00000,0x00000000f7d00000)
  from space 53248K, 57% used [0x00000000f7d00000,0x00000000f9adc3a0,0x00000000fb100000)
  to   space 51712K, 0% used [0x00000000fcd80000,0x00000000fcd80000,0x0000000100000000)
 ParOldGen       total 205824K, used 138772K [0x00000000a0000000, 0x00000000ac900000, 0x00000000e0000000)
  object space 205824K, 67% used [0x00000000a0000000,0x00000000a8785120,0x00000000ac900000)
 Metaspace       used 71500K, capacity 74566K, committed 74880K, reserved 1114112K
  class space    used 9149K, capacity 9736K, committed 9856K, reserved 1048576K
Event: 484,618 GC heap after
Heap after GC invocations=56 (full 6):
 PSYoungGen      total 466432K, used 30048K [0x00000000e0000000, 0x00000000ffb80000, 0x0000000100000000)
  eden space 419328K, 0% used [0x00000000e0000000,0x00000000e0000000,0x00000000f9980000)
  from space 47104K, 63% used [0x00000000fcd80000,0x00000000fead8380,0x00000000ffb80000)
  to   space 50176K, 0% used [0x00000000f9980000,0x00000000f9980000,0x00000000fca80000)
 ParOldGen       total 205824K, used 143166K [0x00000000a0000000, 0x00000000ac900000, 0x00000000e0000000)
  object space 205824K, 69% used [0x00000000a0000000,0x00000000a8bcfb08,0x00000000ac900000)
 Metaspace       used 71500K, capacity 74566K, committed 74880K, reserved 1114112K
  class space    used 9149K, capacity 9736K, committed 9856K, reserved 1048576K
}
Event: 493,548 GC heap before
{Heap before GC invocations=57 (full 6):
 PSYoungGen      total 466432K, used 449376K [0x00000000e0000000, 0x00000000ffb80000, 0x0000000100000000)
  eden space 419328K, 100% used [0x00000000e0000000,0x00000000f9980000,0x00000000f9980000)
  from space 47104K, 63% used [0x00000000fcd80000,0x00000000fead8380,0x00000000ffb80000)
  to   space 50176K, 0% used [0x00000000f9980000,0x00000000f9980000,0x00000000fca80000)
 ParOldGen       total 205824K, used 143166K [0x00000000a0000000, 0x00000000ac900000, 0x00000000e0000000)
  object space 205824K, 69% used [0x00000000a0000000,0x00000000a8bcfb08,0x00000000ac900000)
 Metaspace       used 71507K, capacity 74566K, committed 74880K, reserved 1114112K
  class space    used 9149K, capacity 9736K, committed 9856K, reserved 1048576K
Event: 495,278 GC heap after
Heap after GC invocations=57 (full 6):
 PSYoungGen      total 469504K, used 50157K [0x00000000e0000000, 0x0000000100000000, 0x0000000100000000)
  eden space 419328K, 0% used [0x00000000e0000000,0x00000000e0000000,0x00000000f9980000)
  from space 50176K, 99% used [0x00000000f9980000,0x00000000fca7b560,0x00000000fca80000)
  to   space 54784K, 0% used [0x00000000fca80000,0x00000000fca80000,0x0000000100000000)
 ParOldGen       total 205824K, used 154402K [0x00000000a0000000, 0x00000000ac900000, 0x00000000e0000000)
  object space 205824K, 75% used [0x00000000a0000000,0x00000000a96c8b80,0x00000000ac900000)
 Metaspace       used 71507K, capacity 74566K, committed 74880K, reserved 1114112K
  class space    used 9149K, capacity 9736K, committed 9856K, reserved 1048576K
}
Event: 521,539 GC heap before
{Heap before GC invocations=58 (full 6):
 PSYoungGen      total 469504K, used 469485K [0x00000000e0000000, 0x0000000100000000, 0x0000000100000000)
  eden space 419328K, 100% used [0x00000000e0000000,0x00000000f9980000,0x00000000f9980000)
  from space 50176K, 99% used [0x00000000f9980000,0x00000000fca7b560,0x00000000fca80000)
  to   space 54784K, 0% used [0x00000000fca80000,0x00000000fca80000,0x0000000100000000)
 ParOldGen       total 205824K, used 154402K [0x00000000a0000000, 0x00000000ac900000, 0x00000000e0000000)
  object space 205824K, 75% used [0x00000000a0000000,0x00000000a96c8b80,0x00000000ac900000)
 Metaspace       used 71516K, capacity 74566K, committed 74880K, reserved 1114112K
  class space    used 9150K, capacity 9736K, committed 9856K, reserved 1048576K
Event: 533,449 GC heap after
Heap after GC invocations=58 (full 6):
 PSYoungGen      total 355840K, used 54775K [0x00000000e0000000, 0x0000000100000000, 0x0000000100000000)
  eden space 301056K, 0% used [0x00000000e0000000,0x00000000e0000000,0x00000000f2600000)
  from space 54784K, 99% used [0x00000000fca80000,0x00000000ffffdee8,0x0000000100000000)
  to   space 111616K, 0% used [0x00000000f2600000,0x00000000f2600000,0x00000000f9300000)
 ParOldGen       total 276992K, used 276644K [0x00000000a0000000, 0x00000000b0e80000, 0x00000000e0000000)
  object space 276992K, 99% used [0x00000000a0000000,0x00000000b0e29008,0x00000000b0e80000)
 Metaspace       used 71516K, capacity 74566K, committed 74880K, reserved 1114112K
  class space    used 9150K, capacity 9736K, committed 9856K, reserved 1048576K
}
Event: 533,770 GC heap before
{Heap before GC invocations=59 (full 7):
 PSYoungGen      total 355840K, used 54775K [0x00000000e0000000, 0x0000000100000000, 0x0000000100000000)
  eden space 301056K, 0% used [0x00000000e0000000,0x00000000e0000000,0x00000000f2600000)
  from space 54784K, 99% used [0x00000000fca80000,0x00000000ffffdee8,0x0000000100000000)
  to   space 111616K, 0% used [0x00000000f2600000,0x00000000f2600000,0x00000000f9300000)
 ParOldGen       total 276992K, used 276644K [0x00000000a0000000, 0x00000000b0e80000, 0x00000000e0000000)
  object space 276992K, 99% used [0x00000000a0000000,0x00000000b0e29008,0x00000000b0e80000)
 Metaspace       used 71516K, capacity 74566K, committed 74880K, reserved 1114112K
  class space    used 9150K, capacity 9736K, committed 9856K, reserved 1048576K

